0 info it worked if it ends with ok
1 verbose cli [ 'node', '/usr/local/bin/npm', 'publish' ]
2 info using npm@2.11.3
3 info using node@v0.11.14
4 verbose publish [ '.' ]
5 silly cache add args [ '.', null ]
6 verbose cache add spec .
7 silly cache add parsed spec { raw: '.',
7 silly cache add   scope: null,
7 silly cache add   name: null,
7 silly cache add   rawSpec: '.',
7 silly cache add   spec: '/home/coachshea/projects/browserify-livescript',
7 silly cache add   type: 'directory' }
8 verbose addLocalDirectory /home/coachshea/.npm/browserify-livescript/0.1.0/package.tgz not in flight; packing
9 verbose tar pack [ '/home/coachshea/.npm/browserify-livescript/0.1.0/package.tgz',
9 verbose tar pack   '/home/coachshea/projects/browserify-livescript' ]
10 verbose tarball /home/coachshea/.npm/browserify-livescript/0.1.0/package.tgz
11 verbose folder /home/coachshea/projects/browserify-livescript
12 info prepublish browserify-livescript@0.1.0
13 verbose addLocalTarball adding from inside cache /home/coachshea/.npm/browserify-livescript/0.1.0/package.tgz
14 silly cache afterAdd browserify-livescript@0.1.0
15 verbose afterAdd /home/coachshea/.npm/browserify-livescript/0.1.0/package/package.json not in flight; writing
16 verbose afterAdd /home/coachshea/.npm/browserify-livescript/0.1.0/package/package.json written
17 silly publish { name: 'browserify-livescript',
17 silly publish   version: '0.1.0',
17 silly publish   description: 'browserify v2 plugin for livescript',
17 silly publish   main: 'index.js',
17 silly publish   dependencies: { through: '*', livescript: '>=1.4.0' },
17 silly publish   devDependencies: { tap: '~0.4.0', browserify: '~2.4.0' },
17 silly publish   scripts: { test: 'tap test/*.js' },
17 silly publish   repository:
17 silly publish    { type: 'git',
17 silly publish      url: 'git+https://github.com/coachshea/browserify-livescript.git' },
17 silly publish   homepage: 'https://github.com/coachshea/browserify-livescript',
17 silly publish   keywords: [ 'livescript', 'browserify', 'v2', 'plugin', 'transform' ],
17 silly publish   author: { name: 'John Shea' },
17 silly publish   license: 'MIT',
17 silly publish   readme: '#browserify-livescript\n```\nbrowserify -t browserify-livescript file.ls > output.js\n```\n',
17 silly publish   readmeFilename: 'readme.md',
17 silly publish   bugs: { url: 'https://github.com/coachshea/browserify-livescript/issues' },
17 silly publish   _id: 'browserify-livescript@0.1.0',
17 silly publish   _shasum: 'd8022cb5ce6875cd4878bcf8ef47ebc5dfacfcf4',
17 silly publish   _from: '.' }
18 verbose getPublishConfig undefined
19 silly mapToRegistry name browserify-livescript
20 silly mapToRegistry using default registry
21 silly mapToRegistry registry https://registry.npmjs.org/
22 silly mapToRegistry uri https://registry.npmjs.org/browserify-livescript
23 verbose publish registryBase https://registry.npmjs.org/
24 silly publish uploading /home/coachshea/.npm/browserify-livescript/0.1.0/package.tgz
25 verbose request uri https://registry.npmjs.org/browserify-livescript
26 verbose request sending authorization for write operation
27 info attempt registry request try #1 at 08:00:05
28 verbose request id 5f725c432c84cded
29 http request PUT https://registry.npmjs.org/browserify-livescript
30 http 403 https://registry.npmjs.org/browserify-livescript
31 verbose headers { 'content-type': 'application/json',
31 verbose headers   'cache-control': 'max-age=60',
31 verbose headers   'content-length': '95',
31 verbose headers   'accept-ranges': 'bytes',
31 verbose headers   date: 'Sun, 21 Jun 2015 12:57:30 GMT',
31 verbose headers   via: '1.1 varnish',
31 verbose headers   connection: 'keep-alive',
31 verbose headers   'x-served-by': 'cache-jfk1028-JFK',
31 verbose headers   'x-cache': 'MISS',
31 verbose headers   'x-cache-hits': '0',
31 verbose headers   'x-timer': 'S1434891449.804951,VS0,VE1053' }
32 verbose request invalidating /home/coachshea/.npm/registry.npmjs.org/browserify-livescript on PUT
33 error publish Failed PUT 403
34 verbose stack Error: "You cannot publish over the previously published version 0.1.0." : browserify-livescript
34 verbose stack     at CachingRegistryClient.<anonymous> (/usr/local/lib/node_modules/npm/node_modules/npm-registry-client/lib/request.js:247:14)
34 verbose stack     at Request._callback (/usr/local/lib/node_modules/npm/node_modules/npm-registry-client/lib/request.js:170:14)
34 verbose stack     at Request.self.callback (/usr/local/lib/node_modules/npm/node_modules/request/request.js:354:22)
34 verbose stack     at Request.emit (events.js:110:17)
34 verbose stack     at Request.<anonymous> (/usr/local/lib/node_modules/npm/node_modules/request/request.js:1207:14)
34 verbose stack     at Request.emit (events.js:129:20)
34 verbose stack     at IncomingMessage.<anonymous> (/usr/local/lib/node_modules/npm/node_modules/request/request.js:1153:12)
34 verbose stack     at IncomingMessage.emit (events.js:129:20)
34 verbose stack     at _stream_readable.js:907:16
34 verbose stack     at process._tickCallback (node.js:372:11)
35 verbose statusCode 403
36 verbose pkgid browserify-livescript
37 verbose cwd /home/coachshea/projects/browserify-livescript
38 error Linux 3.17-1-amd64
39 error argv "node" "/usr/local/bin/npm" "publish"
40 error node v0.11.14
41 error npm  v2.11.3
42 error code E403
43 error "You cannot publish over the previously published version 0.1.0." : browserify-livescript
44 error If you need help, you may report this error at:
44 error     <https://github.com/npm/npm/issues>
45 verbose exit [ 1, true ]
